==3288== Memcheck, a memory error detector
==3288== Copyright (C) 2002-2017, and GNU GPL'd, by Julian Seward et al.
==3288== Using Valgrind-3.13.0 and LibVEX; rerun with -h for copyright info
==3288== Command: /home/yurochko/Main/study+test/c++far/word_counter/target/debug/word_counter
==3288== Parent PID: 1439
==3288== 
--3288-- 
--3288-- Valgrind options:
--3288--    --leak-check=full
--3288--    --show-leak-kinds=all
--3288--    -v
--3288--    --log-file=valgrind_leakcheck.log
--3288-- Contents of /proc/version:
--3288--   Linux version 4.15.0-23-generic (buildd@lgw01-amd64-055) (gcc version 7.3.0 (Ubuntu 7.3.0-16ubuntu3)) #25-Ubuntu SMP Wed May 23 18:02:16 UTC 2018
--3288-- 
--3288-- Arch and hwcaps: AMD64, LittleEndian, amd64-cx16-rdtscp-sse3-avx
--3288-- Page sizes: currently 4096, max supported 4096
--3288-- Valgrind library directory: /usr/lib/valgrind
--3288-- Reading syms from /home/yurochko/Main/study+test/c++far/word_counter/target/debug/word_counter
--3288-- Reading syms from /lib/x86_64-linux-gnu/ld-2.27.so
--3288--   Considering /lib/x86_64-linux-gnu/ld-2.27.so ..
--3288--   .. CRC mismatch (computed 1b7c895e wanted 2943108a)
--3288--   Considering /usr/lib/debug/lib/x86_64-linux-gnu/ld-2.27.so ..
--3288--   .. CRC is valid
--3288-- Reading syms from /usr/lib/valgrind/memcheck-amd64-linux
--3288--   Considering /usr/lib/valgrind/memcheck-amd64-linux ..
--3288--   .. CRC mismatch (computed 62965bbf wanted eeb84137)
--3288--    object doesn't have a symbol table
--3288--    object doesn't have a dynamic symbol table
--3288-- Scheduler: using generic scheduler lock implementation.
--3288-- Reading suppressions file: /usr/lib/valgrind/default.supp
==3288== embedded gdbserver: reading from /tmp/vgdb-pipe-from-vgdb-to-3288-by-yurochko-on-???
==3288== embedded gdbserver: writing to   /tmp/vgdb-pipe-to-vgdb-from-3288-by-yurochko-on-???
==3288== embedded gdbserver: shared mem   /tmp/vgdb-pipe-shared-mem-vgdb-3288-by-yurochko-on-???
==3288== 
==3288== TO CONTROL THIS PROCESS USING vgdb (which you probably
==3288== don't want to do, unless you know exactly what you're doing,
==3288== or are doing some strange experiment):
==3288==   /usr/lib/valgrind/../../bin/vgdb --pid=3288 ...command...
==3288== 
==3288== TO DEBUG THIS PROCESS USING GDB: start GDB like this
==3288==   /path/to/gdb /home/yurochko/Main/study+test/c++far/word_counter/target/debug/word_counter
==3288== and then give GDB the following command
==3288==   target remote | /usr/lib/valgrind/../../bin/vgdb --pid=3288
==3288== --pid is optional if only one valgrind process is running
==3288== 
--3288-- REDIR: 0x401f2f0 (ld-linux-x86-64.so.2:strlen) redirected to 0x58060901 (???)
--3288-- REDIR: 0x401f0d0 (ld-linux-x86-64.so.2:index) redirected to 0x5806091b (???)
--3288-- Reading syms from /usr/lib/valgrind/vgpreload_core-amd64-linux.so
--3288--   Considering /usr/lib/valgrind/vgpreload_core-amd64-linux.so ..
--3288--   .. CRC mismatch (computed 13d5e98a wanted 1786ecf1)
--3288--    object doesn't have a symbol table
--3288-- Reading syms from /usr/lib/valgrind/vgpreload_memcheck-amd64-linux.so
--3288--   Considering /usr/lib/valgrind/vgpreload_memcheck-amd64-linux.so ..
--3288--   .. CRC mismatch (computed 8f77ef36 wanted fcbde737)
--3288--    object doesn't have a symbol table
==3288== WARNING: new redirection conflicts with existing -- ignoring it
--3288--     old: 0x0401f2f0 (strlen              ) R-> (0000.0) 0x58060901 ???
--3288--     new: 0x0401f2f0 (strlen              ) R-> (2007.0) 0x04c32db0 strlen
--3288-- REDIR: 0x401d360 (ld-linux-x86-64.so.2:strcmp) redirected to 0x4c33ee0 (strcmp)
--3288-- REDIR: 0x401f830 (ld-linux-x86-64.so.2:mempcpy) redirected to 0x4c374f0 (mempcpy)
--3288-- Reading syms from /lib/x86_64-linux-gnu/libdl-2.27.so
--3288--   Considering /lib/x86_64-linux-gnu/libdl-2.27.so ..
--3288--   .. CRC mismatch (computed bd82fa02 wanted d1fdccc9)
--3288--   Considering /usr/lib/debug/lib/x86_64-linux-gnu/libdl-2.27.so ..
--3288--   .. CRC is valid
--3288-- Reading syms from /lib/x86_64-linux-gnu/librt-2.27.so
--3288--   Considering /lib/x86_64-linux-gnu/librt-2.27.so ..
--3288--   .. CRC mismatch (computed 16979484 wanted f9e041e3)
--3288--   Considering /usr/lib/debug/lib/x86_64-linux-gnu/librt-2.27.so ..
--3288--   .. CRC is valid
--3288-- Reading syms from /lib/x86_64-linux-gnu/libpthread-2.27.so
--3288--   Considering /usr/lib/debug/.build-id/28/c6aade70b2d40d1f0f3d0a1a0cad1ab816448f.debug ..
--3288--   .. build-id is valid
--3288-- Reading syms from /lib/x86_64-linux-gnu/libgcc_s.so.1
--3288--    object doesn't have a symbol table
--3288-- Reading syms from /lib/x86_64-linux-gnu/libc-2.27.so
--3288--   Considering /lib/x86_64-linux-gnu/libc-2.27.so ..
--3288--   .. CRC mismatch (computed b1c74187 wanted 042cc048)
--3288--   Considering /usr/lib/debug/lib/x86_64-linux-gnu/libc-2.27.so ..
--3288--   .. CRC is valid
--3288-- Reading syms from /lib/x86_64-linux-gnu/libm-2.27.so
--3288--   Considering /lib/x86_64-linux-gnu/libm-2.27.so ..
--3288--   .. CRC mismatch (computed 7feae033 wanted b29b2508)
--3288--   Considering /usr/lib/debug/lib/x86_64-linux-gnu/libm-2.27.so ..
--3288--   .. CRC is valid
--3288-- REDIR: 0x571dc70 (libc.so.6:memmove) redirected to 0x4a2a6e0 (_vgnU_ifunc_wrapper)
--3288-- REDIR: 0x571cd40 (libc.so.6:strncpy) redirected to 0x4a2a6e0 (_vgnU_ifunc_wrapper)
--3288-- REDIR: 0x571df50 (libc.so.6:strcasecmp) redirected to 0x4a2a6e0 (_vgnU_ifunc_wrapper)
--3288-- REDIR: 0x571c790 (libc.so.6:strcat) redirected to 0x4a2a6e0 (_vgnU_ifunc_wrapper)
--3288-- REDIR: 0x571cd70 (libc.so.6:rindex) redirected to 0x4a2a6e0 (_vgnU_ifunc_wrapper)
--3288-- REDIR: 0x571f7c0 (libc.so.6:rawmemchr) redirected to 0x4a2a6e0 (_vgnU_ifunc_wrapper)
--3288-- REDIR: 0x571dde0 (libc.so.6:mempcpy) redirected to 0x4a2a6e0 (_vgnU_ifunc_wrapper)
--3288-- REDIR: 0x571dc10 (libc.so.6:bcmp) redirected to 0x4a2a6e0 (_vgnU_ifunc_wrapper)
--3288-- REDIR: 0x571cd00 (libc.so.6:strncmp) redirected to 0x4a2a6e0 (_vgnU_ifunc_wrapper)
--3288-- REDIR: 0x571c800 (libc.so.6:strcmp) redirected to 0x4a2a6e0 (_vgnU_ifunc_wrapper)
--3288-- REDIR: 0x571dd40 (libc.so.6:memset) redirected to 0x4a2a6e0 (_vgnU_ifunc_wrapper)
--3288-- REDIR: 0x573b0f0 (libc.so.6:wcschr) redirected to 0x4a2a6e0 (_vgnU_ifunc_wrapper)
--3288-- REDIR: 0x571cca0 (libc.so.6:strnlen) redirected to 0x4a2a6e0 (_vgnU_ifunc_wrapper)
--3288-- REDIR: 0x571c870 (libc.so.6:strcspn) redirected to 0x4a2a6e0 (_vgnU_ifunc_wrapper)
--3288-- REDIR: 0x571dfa0 (libc.so.6:strncasecmp) redirected to 0x4a2a6e0 (_vgnU_ifunc_wrapper)
--3288-- REDIR: 0x571c840 (libc.so.6:strcpy) redirected to 0x4a2a6e0 (_vgnU_ifunc_wrapper)
--3288-- REDIR: 0x571e0e0 (libc.so.6:memcpy@@GLIBC_2.14) redirected to 0x4a2a6e0 (_vgnU_ifunc_wrapper)
--3288-- REDIR: 0x571cda0 (libc.so.6:strpbrk) redirected to 0x4a2a6e0 (_vgnU_ifunc_wrapper)
--3288-- REDIR: 0x571c7c0 (libc.so.6:index) redirected to 0x4a2a6e0 (_vgnU_ifunc_wrapper)
--3288-- REDIR: 0x571cc70 (libc.so.6:strlen) redirected to 0x4a2a6e0 (_vgnU_ifunc_wrapper)
--3288-- REDIR: 0x57276c0 (libc.so.6:memrchr) redirected to 0x4a2a6e0 (_vgnU_ifunc_wrapper)
--3288-- REDIR: 0x571dff0 (libc.so.6:strcasecmp_l) redirected to 0x4a2a6e0 (_vgnU_ifunc_wrapper)
--3288-- REDIR: 0x571dbe0 (libc.so.6:memchr) redirected to 0x4a2a6e0 (_vgnU_ifunc_wrapper)
--3288-- REDIR: 0x573beb0 (libc.so.6:wcslen) redirected to 0x4a2a6e0 (_vgnU_ifunc_wrapper)
--3288-- REDIR: 0x571d050 (libc.so.6:strspn) redirected to 0x4a2a6e0 (_vgnU_ifunc_wrapper)
--3288-- REDIR: 0x571df20 (libc.so.6:stpncpy) redirected to 0x4a2a6e0 (_vgnU_ifunc_wrapper)
--3288-- REDIR: 0x571def0 (libc.so.6:stpcpy) redirected to 0x4a2a6e0 (_vgnU_ifunc_wrapper)
--3288-- REDIR: 0x571f7f0 (libc.so.6:strchrnul) redirected to 0x4a2a6e0 (_vgnU_ifunc_wrapper)
--3288-- REDIR: 0x571e040 (libc.so.6:strncasecmp_l) redirected to 0x4a2a6e0 (_vgnU_ifunc_wrapper)
--3288-- REDIR: 0x5730330 (libc.so.6:__strrchr_sse2) redirected to 0x4c32790 (__strrchr_sse2)
--3288-- REDIR: 0x5730620 (libc.so.6:__strlen_sse2) redirected to 0x4c32d30 (__strlen_sse2)
--3288-- REDIR: 0x5804510 (libc.so.6:__strncmp_sse42) redirected to 0x4c33570 (__strncmp_sse42)
--3288-- REDIR: 0x573a870 (libc.so.6:__memset_sse2_unaligned) redirected to 0x4c365d0 (memset)
--3288-- REDIR: 0x572a970 (libc.so.6:__memchr_sse2) redirected to 0x4c33f80 (memchr)
--3288-- REDIR: 0x573a460 (libc.so.6:memcpy@GLIBC_2.2.5) redirected to 0x4c34060 (memcpy@GLIBC_2.2.5)
--3288-- REDIR: 0x1f84b0 (NONE:malloc) redirected to 0x4c2faa0 (malloc)
--3288-- REDIR: 0x571d590 (libc.so.6:__GI_strstr) redirected to 0x4c37760 (__strstr_sse2)
--3288-- REDIR: 0x1fa570 (NONE:realloc) redirected to 0x4c31cb0 (realloc)
--3288-- REDIR: 0x572aca0 (libc.so.6:__rawmemchr_sse2) redirected to 0x4c37050 (rawmemchr)
--3288-- REDIR: 0x1fbb30 (NONE:free) redirected to 0x4c30cd0 (free)
--3288-- REDIR: 0x580efc0 (libc.so.6:__memcmp_sse4_1) redirected to 0x4c35d50 (__memcmp_sse4_1)
--3288-- REDIR: 0x1f98f0 (NONE:calloc) redirected to 0x4c31a70 (calloc)
==3288== 
==3288== HEAP SUMMARY:
==3288==     in use at exit: 32 bytes in 1 blocks
==3288==   total heap usage: 14 allocs, 13 frees, 2,512 bytes allocated
==3288== 
==3288== Searching for pointers to 1 not-freed blocks
==3288== Checked 6,391,800 bytes
==3288== 
==3288== 32 bytes in 1 blocks are still reachable in loss record 1 of 1
==3288==    at 0x4C31B25: calloc (in /usr/lib/valgrind/vgpreload_memcheck-amd64-linux.so)
==3288==    by 0x4E3D7E4: _dlerror_run (dlerror.c:140)
==3288==    by 0x4E3D165: dlsym (dlsym.c:70)
==3288==    by 0x1E85E2: _ZN3std3sys4unix4weak5fetch17h52e225253688e406E.llvm.2923615988777992971 (weak.rs:78)
==3288==    by 0x1DCCB3: get<unsafe extern "C" fn(*const libc::unix::notbsd::linux::other::b64::x86_64::pthread_attr_t) -> usize> (weak.rs:62)
==3288==    by 0x1DCCB3: min_stack_size (thread.rs:440)
==3288==    by 0x1DCCB3: std::sys::unix::thread::Thread::new (thread.rs:59)
==3288==    by 0x18B4AB: std::thread::Builder::spawn (mod.rs:419)
==3288==    by 0x17D1EA: rayon_core::registry::Registry::new (registry.rs:134)
==3288==    by 0x18585D: rayon_core::thread_pool::build (mod.rs:56)
==3288==    by 0x192DB7: rayon_core::ThreadPoolBuilder::build (lib.rs:178)
==3288==    by 0x152ABB: word_counter::main (main.rs:154)
==3288==    by 0x134CDF: std::rt::lang_start::{{closure}} (rt.rs:74)
==3288==    by 0x1DBF82: {{closure}} (rt.rs:59)
==3288==    by 0x1DBF82: _ZN3std9panicking3try7do_call17hf84d77c28086f4f1E.llvm.12208709943363306989 (panicking.rs:310)
==3288== 
==3288== LEAK SUMMARY:
==3288==    definitely lost: 0 bytes in 0 blocks
==3288==    indirectly lost: 0 bytes in 0 blocks
==3288==      possibly lost: 0 bytes in 0 blocks
==3288==    still reachable: 32 bytes in 1 blocks
==3288==         suppressed: 0 bytes in 0 blocks
==3288== 
==3288== ERROR SUMMARY: 0 errors from 0 contexts (suppressed: 0 from 0)
==3288== ERROR SUMMARY: 0 errors from 0 contexts (suppressed: 0 from 0)
